{"level":"info","message":"Server online at http://localhost:3000","tag":"SERVER"}
{"level":"info","message":"Server online at http://localhost:3000","tag":"SERVER"}
{"level":"info","message":"Server online at http://localhost:3000","tag":"SERVER"}
{"level":"info","message":"Server online at http://localhost:3000","tag":"SERVER"}
{"level":"info","message":"Server online at http://localhost:3000","tag":"SERVER"}
{"level":"info","message":"Server online at http://localhost:3000","tag":"SERVER"}
{"level":"info","message":"Server online at http://localhost:3000","tag":"SERVER"}
{"level":"info","message":"Server online at http://localhost:3000","tag":"SERVER"}
{"level":"info","message":"Server online at http://localhost:3000","tag":"SERVER"}
{"level":"info","message":"Server online at http://localhost:3000","tag":"SERVER"}
{"level":"info","message":"Server online at http://localhost:3000","tag":"SERVER"}
{"level":"info","message":"Server online at http://localhost:3000","tag":"SERVER"}
{"level":"info","message":"Server online at http://localhost:3000","tag":"SERVER"}
{"level":"info","message":"Server online at http://localhost:3000","tag":"SERVER"}
{"level":"info","message":"Server online at http://localhost:3000","tag":"SERVER"}
{"level":"info","message":"Server online at http://localhost:3000","tag":"SERVER"}
{"level":"info","message":"Server online at http://localhost:3000","tag":"SERVER"}
{"level":"info","message":"Server online at http://localhost:3000","tag":"SERVER"}
{"level":"info","message":"Server online at http://localhost:3000","tag":"SERVER"}
{"level":"info","message":"Server online at http://localhost:3000","tag":"SERVER"}
{"level":"info","message":"Server online at http://localhost:3000","tag":"SERVER"}
{"level":"info","message":"Server online at http://localhost:3000","tag":"SERVER"}
{"level":"info","message":"Server online at http://localhost:3000","tag":"SERVER"}
{"level":"info","message":"Server online at http://localhost:3000","tag":"SERVER"}
{"level":"info","message":"Server online at http://localhost:3000","tag":"SERVER"}
{"level":"info","message":"Server online at http://localhost:3000","tag":"SERVER"}
{"level":"info","message":"Server online at http://localhost:3000","tag":"SERVER"}
{"level":"info","message":"Server online at http://localhost:3000","tag":"SERVER"}
{"level":"info","message":"Server online at http://localhost:3000","tag":"SERVER"}
{"level":"info","message":"Server online at http://localhost:3000","tag":"SERVER"}
{"level":"info","message":"Server online at http://localhost:3000","tag":"SERVER"}
{"level":"info","message":"Server online at http://localhost:3000","tag":"SERVER"}
{"level":"info","message":"Server online at http://localhost:3000","tag":"SERVER"}
{"level":"info","message":"Server online at http://localhost:3000","tag":"SERVER"}
{"level":"info","message":"Server online at http://localhost:3000","tag":"SERVER"}
{"level":"info","message":"Server online at http://localhost:3000","tag":"SERVER"}
{"level":"info","message":"Server online at http://localhost:3000","tag":"SERVER"}
{"level":"info","message":"Server online at http://localhost:3000","tag":"SERVER"}
{"level":"info","message":"Server online at http://localhost:3000","tag":"SERVER"}
{"level":"info","message":"Server online at http://localhost:3000","tag":"SERVER"}
{"level":"info","message":"Server online at http://localhost:3000","tag":"SERVER"}
{"level":"info","message":"Server online at http://localhost:3000","tag":"SERVER"}
{"level":"info","message":"Server online at http://localhost:3000","tag":"SERVER"}
{"level":"info","message":"Server online at http://localhost:3000","tag":"SERVER"}
{"level":"info","message":"Server online at http://localhost:3000","tag":"SERVER"}
{"level":"info","message":"Server online at http://localhost:3000","tag":"SERVER"}
{"level":"info","message":"Server online at http://localhost:3000","tag":"SERVER"}
{"level":"info","message":"Server online at http://localhost:3000","tag":"SERVER"}
{"level":"info","message":"Server online at http://localhost:3000","tag":"SERVER"}
{"level":"info","message":"Server online at http://localhost:3000","tag":"SERVER"}
{"level":"info","message":"Server online at http://localhost:3000","tag":"SERVER"}
{"level":"info","message":"Server online at http://localhost:3000","tag":"SERVER"}
{"level":"info","message":"Server online at http://localhost:3000","tag":"SERVER"}
{"level":"info","message":"Server online at http://localhost:3000","tag":"SERVER"}
{"level":"info","message":"Server online at http://localhost:3000","tag":"SERVER"}
{"level":"info","message":"Server online at http://localhost:3000","tag":"SERVER"}
{"level":"info","message":"Server online at http://localhost:3000","tag":"SERVER"}
{"level":"info","message":"Server online at http://localhost:3000","tag":"SERVER"}
{"level":"info","message":"Server online at http://localhost:3000","tag":"SERVER"}
{"level":"info","message":"Server online at http://localhost:3000","tag":"SERVER"}
{"level":"info","message":"Server online at http://localhost:3000","tag":"SERVER"}
{"level":"info","message":"Server online at http://localhost:3000","tag":"SERVER"}
{"level":"info","message":"Server online at http://localhost:3000","tag":"SERVER"}
{"level":"info","message":"Server online at http://localhost:3000","tag":"SERVER"}
{"level":"info","message":"Server online at http://localhost:3000","tag":"SERVER"}
{"level":"error","message":"Người dùng đã like nhà hàng này rồi.","tag":"SYSTEM"}
{"level":"info","message":"Server online at http://localhost:3000","tag":"SERVER"}
{"level":"info","message":"Server online at http://localhost:3000","tag":"SERVER"}
{"level":"info","message":"User chưa like nhà hàng, tiếp tục xử lý","tag":"SYSTEM"}
{"level":"info","message":"Server online at http://localhost:3000","tag":"SERVER"}
{"level":"error","message":"Người dùng đã like nhà hàng này rồi.","tag":"SYSTEM"}
{"level":"info","message":"Server online at http://localhost:3000","tag":"SERVER"}
{"level":"info","message":"Server online at http://localhost:3000","tag":"SERVER"}
{"level":"info","message":"Server online at http://localhost:3000","tag":"SERVER"}
{"level":"info","message":"Server online at http://localhost:3000","tag":"SERVER"}
{"level":"info","message":"Server online at http://localhost:3000","tag":"SERVER"}
{"level":"info","message":"Server online at http://localhost:3000","tag":"SERVER"}
{"level":"info","message":"Server online at http://localhost:3000","tag":"SERVER"}
{"level":"info","message":"Server online at http://localhost:3000","tag":"SERVER"}
{"level":"info","message":"Server online at http://localhost:3000","tag":"SERVER"}
{"level":"info","message":"Server online at http://localhost:3000","tag":"SERVER"}
{"level":"info","message":"Server online at http://localhost:3000","tag":"SERVER"}
{"level":"info","message":"Server online at http://localhost:3000","tag":"SERVER"}
{"level":"info","message":"Server online at http://localhost:3000","tag":"SERVER"}
{"level":"info","message":"Server online at http://localhost:3000","tag":"SERVER"}
{"level":"info","message":"Server online at http://localhost:3000","tag":"SERVER"}
{"level":"info","message":"Server online at http://localhost:3000","tag":"SERVER"}
{"level":"info","message":"Server online at http://localhost:3000","tag":"SERVER"}
{"level":"info","message":"Server online at http://localhost:3000","tag":"SERVER"}
{"level":"info","message":"Server online at http://localhost:3000","tag":"SERVER"}
{"level":"info","message":"Server online at http://localhost:3000","tag":"SERVER"}
{"level":"info","message":"Server online at http://localhost:3000","tag":"SERVER"}
{"level":"info","message":"Server online at http://localhost:3000","tag":"SERVER"}
{"level":"info","message":"Server online at http://localhost:3000","tag":"SERVER"}
{"level":"info","message":"Server online at http://localhost:3000","tag":"SERVER"}
{"level":"info","message":"Server online at http://localhost:3000","tag":"SERVER"}
{"level":"info","message":"Server online at http://localhost:3000","tag":"SERVER"}
{"level":"info","message":"Server online at http://localhost:3000","tag":"SERVER"}
{"level":"info","message":"Server online at http://localhost:3000","tag":"SERVER"}
{"level":"info","message":"Server online at http://localhost:3000","tag":"SERVER"}
{"level":"info","message":"Server online at http://localhost:3000","tag":"SERVER"}
{"level":"info","message":"Server online at http://localhost:3000","tag":"SERVER"}
{"level":"info","message":"Server online at http://localhost:3000","tag":"SERVER"}
{"level":"info","message":"Server online at http://localhost:3000","tag":"SERVER"}
{"level":"info","message":"Server online at http://localhost:3000","tag":"SERVER"}
{"level":"info","message":"Server online at http://localhost:3000","tag":"SERVER"}
{"level":"info","message":"Server online at http://localhost:3000","tag":"SERVER"}
{"level":"info","message":"Server online at http://localhost:3000","tag":"SERVER"}
{"level":"info","message":"Server online at http://localhost:3000","tag":"SERVER"}
{"level":"info","message":"Server online at http://localhost:3000","tag":"SERVER"}
{"level":"info","message":"Server online at http://localhost:3000","tag":"SERVER"}
{"level":"info","message":"Server online at http://localhost:3000","tag":"SERVER"}
{"level":"info","message":"Server online at http://localhost:3000","tag":"SERVER"}
{"level":"info","message":"Server online at http://localhost:3000","tag":"SERVER"}
{"level":"info","message":"Server online at http://localhost:3000","tag":"SERVER"}
{"level":"info","message":"Server online at http://localhost:3000","tag":"SERVER"}
{"level":"info","message":"Server online at http://localhost:3000","tag":"SERVER"}
{"level":"info","message":"Server online at http://localhost:3000","tag":"SERVER"}
{"level":"info","message":"Server online at http://localhost:3000","tag":"SERVER"}
{"level":"info","message":"Server online at http://localhost:3000","tag":"SERVER"}
{"level":"error","message":"Người dùng đã like nhà hàng này rồi.","tag":"SYSTEM"}
{"level":"info","message":"Server online at http://localhost:3000","tag":"SERVER"}
{"level":"info","message":"Server online at http://localhost:3000","tag":"SERVER"}
{"level":"info","message":"Server online at http://localhost:3000","tag":"SERVER"}
{"level":"info","message":"Server online at http://localhost:3000","tag":"SERVER"}
{"level":"info","message":"Server online at http://localhost:3000","tag":"SERVER"}
{"level":"info","message":"Server online at http://localhost:3000","tag":"SERVER"}
{"level":"info","message":"Server online at http://localhost:3000","tag":"SERVER"}
{"level":"info","message":"Server online at http://localhost:3000","tag":"SERVER"}
{"level":"info","message":"Server online at http://localhost:3000","tag":"SERVER"}
{"level":"info","message":"Server online at http://localhost:3000","tag":"SERVER"}
{"level":"info","message":"Server online at http://localhost:3000","tag":"SERVER"}
{"level":"info","message":"Server online at http://localhost:3000","tag":"SERVER"}
{"level":"info","message":"Server online at http://localhost:3000","tag":"SERVER"}
{"level":"info","message":"Server online at http://localhost:3000","tag":"SERVER"}
{"level":"info","message":"Server online at http://localhost:3000","tag":"SERVER"}
{"level":"info","message":"Server online at http://localhost:3000","tag":"SERVER"}
{"level":"info","message":"Server online at http://localhost:3000","tag":"SERVER"}
{"level":"info","message":"Server online at http://localhost:3000","tag":"SERVER"}
{"level":"info","message":"Server online at http://localhost:3000","tag":"SERVER"}
{"level":"info","message":"Server online at http://localhost:3000","tag":"SERVER"}
{"level":"info","message":"Server online at http://localhost:3000","tag":"SERVER"}
{"level":"info","message":"Server online at http://localhost:3000","tag":"SERVER"}
{"level":"info","message":"Server online at http://localhost:3000","tag":"SERVER"}
{"level":"info","message":"Server online at http://localhost:3000","tag":"SERVER"}
{"level":"info","message":"Server online at http://localhost:3000","tag":"SERVER"}
{"level":"info","message":"Server online at http://localhost:3000","tag":"SERVER"}
{"level":"info","message":"Server online at http://localhost:3000","tag":"SERVER"}
{"level":"info","message":"Server online at http://localhost:3000","tag":"SERVER"}
{"level":"info","message":"Server online at http://localhost:3000","tag":"SERVER"}
{"level":"info","message":"Server online at http://localhost:3000","tag":"SERVER"}
{"level":"info","message":"Server online at http://localhost:3000","tag":"SERVER"}
{"level":"info","message":"Server online at http://localhost:3000","tag":"SERVER"}
{"level":"info","message":"Server online at http://localhost:3000","tag":"SERVER"}
{"level":"info","message":"Server online at http://localhost:3000","tag":"SERVER"}
{"level":"info","message":"Server online at http://localhost:3000","tag":"SERVER"}
{"level":"info","message":"Server online at http://localhost:3000","tag":"SERVER"}
{"level":"info","message":"Server online at http://localhost:3000","tag":"SERVER"}
{"level":"info","message":"Server online at http://localhost:3000","tag":"SERVER"}
{"level":"info","message":"Server online at http://localhost:3000","tag":"SERVER"}
{"level":"info","message":"Server online at http://localhost:3000","tag":"SERVER"}
{"level":"info","message":"Server online at http://localhost:3000","tag":"SERVER"}
{"level":"info","message":"Server online at http://localhost:3000","tag":"SERVER"}
{"level":"info","message":"Server online at http://localhost:3000","tag":"SERVER"}
{"level":"info","message":"Server online at http://localhost:3000","tag":"SERVER"}
{"level":"info","message":"Server online at http://localhost:3000","tag":"SERVER"}
{"level":"info","message":"Server online at http://localhost:3000","tag":"SERVER"}
{"level":"info","message":"Server online at http://localhost:3000","tag":"SERVER"}
{"level":"info","message":"Server online at http://localhost:3000","tag":"SERVER"}
{"level":"info","message":"Server online at http://localhost:3000","tag":"SERVER"}
{"level":"info","message":"Server online at http://localhost:3000","tag":"SERVER"}
{"level":"info","message":"Server online at http://localhost:3000","tag":"SERVER"}
{"level":"info","message":"Server online at http://localhost:3000","tag":"SERVER"}
{"level":"info","message":"Server online at http://localhost:3000","tag":"SERVER"}
{"level":"info","message":"Server online at http://localhost:3000","tag":"SERVER"}
{"level":"info","message":"Server online at http://localhost:3000","tag":"SERVER"}
{"level":"info","message":"Server online at http://localhost:3000","tag":"SERVER"}
{"level":"info","message":"Server online at http://localhost:3000","tag":"SERVER"}
{"level":"info","message":"Server online at http://localhost:3000","tag":"SERVER"}
{"level":"info","message":"Server online at http://localhost:3000","tag":"SERVER"}
{"level":"info","message":"Server online at http://localhost:3000","tag":"SERVER"}
{"level":"info","message":"Server online at http://localhost:3000","tag":"SERVER"}
{"level":"info","message":"Server online at http://localhost:3000","tag":"SERVER"}
{"level":"info","message":"Server online at http://localhost:3000","tag":"SERVER"}
{"level":"info","message":"Server online at http://localhost:3000","tag":"SERVER"}
{"level":"info","message":"Server online at http://localhost:3000","tag":"SERVER"}
{"level":"info","message":"Server online at http://localhost:3000","tag":"SERVER"}
{"level":"info","message":"Server online at http://localhost:3000","tag":"SERVER"}
{"level":"info","message":"Server online at http://localhost:3000","tag":"SERVER"}
{"level":"info","message":"Server online at http://localhost:3000","tag":"SERVER"}
{"level":"info","message":"Server online at http://localhost:3000","tag":"SERVER"}
{"level":"info","message":"Server online at http://localhost:3000","tag":"SERVER"}
{"level":"info","message":"Server online at http://localhost:3000","tag":"SERVER"}
{"level":"info","message":"Server online at http://localhost:3000","tag":"SERVER"}
{"level":"info","message":"Server online at http://localhost:3000","tag":"SERVER"}
{"level":"info","message":"Server online at http://localhost:3000","tag":"SERVER"}
{"level":"info","message":"Server online at http://localhost:3000","tag":"SERVER"}
{"level":"info","message":"Server online at http://localhost:3000","tag":"SERVER"}
{"level":"info","message":"Server online at http://localhost:3000","tag":"SERVER"}
{"level":"info","message":"Server online at http://localhost:3000","tag":"SERVER"}
{"level":"info","message":"Server online at http://localhost:3000","tag":"SERVER"}
{"level":"info","message":"Server online at http://localhost:3000","tag":"SERVER"}
{"level":"info","message":"Server online at http://localhost:3000","tag":"SERVER"}
{"level":"info","message":"Server online at http://localhost:3000","tag":"SERVER"}
{"level":"info","message":"Server online at http://localhost:3000","tag":"SERVER"}
{"level":"info","message":"Server online at http://localhost:3000","tag":"SERVER"}
{"level":"info","message":"Server online at http://localhost:3000","tag":"SERVER"}
{"level":"info","message":"Server online at http://localhost:3000","tag":"SERVER"}
{"level":"info","message":"Server online at http://localhost:3000","tag":"SERVER"}
{"level":"info","message":"Server online at http://localhost:3000","tag":"SERVER"}
{"level":"info","message":"Server online at http://localhost:3000","tag":"SERVER"}
{"level":"info","message":"Server online at http://localhost:3000","tag":"SERVER"}
{"level":"info","message":"Server online at http://localhost:3000","tag":"SERVER"}
{"level":"info","message":"Server online at http://localhost:3000","tag":"SERVER"}
{"level":"info","message":"Server online at http://localhost:3000","tag":"SERVER"}
{"level":"info","message":"Server online at http://localhost:3000","tag":"SERVER"}
{"level":"info","message":"Server online at http://localhost:3000","tag":"SERVER"}
{"level":"info","message":"Server online at http://localhost:3000","tag":"SERVER"}
{"level":"info","message":"Server online at http://localhost:3000","tag":"SERVER"}
{"level":"info","message":"Server online at http://localhost:3000","tag":"SERVER"}
{"level":"error","message":"Giá trị amount phải nằm trong khoảng từ 1 đến 5.","tag":"SYSTEM"}
{"level":"info","message":"Server online at http://localhost:3000","tag":"SERVER"}
{"level":"info","message":"Server online at http://localhost:3000","tag":"SERVER"}
{"level":"error","message":"Giá trị amount phải nằm trong khoảng từ 1 đến 5.","tag":"SYSTEM"}
{"level":"info","message":"Server online at http://localhost:3000","tag":"SERVER"}
{"level":"info","message":"Server online at http://localhost:3000","tag":"SERVER"}
{"level":"error","message":"Giá trị amount không được chứa chữ và phải là số.","tag":"SYSTEM"}
{"level":"info","message":"Server online at http://localhost:3000","tag":"SERVER"}
{"level":"info","message":"Server online at http://localhost:3000","tag":"SERVER"}
{"level":"info","message":"Server online at http://localhost:3000","tag":"SERVER"}
{"level":"info","message":"Server online at http://localhost:3000","tag":"SERVER"}
{"level":"info","message":"Server online at http://localhost:3000","tag":"SERVER"}
{"level":"info","message":"Server online at http://localhost:3000","tag":"SERVER"}
{"level":"info","message":"Server online at http://localhost:3000","tag":"SERVER"}
{"level":"info","message":"Server online at http://localhost:3000","tag":"SERVER"}
{"level":"info","message":"Server online at http://localhost:3000","tag":"SERVER"}
{"level":"info","message":"Server online at http://localhost:3000","tag":"SERVER"}
{"level":"info","message":"Server online at http://localhost:3000","tag":"SERVER"}
{"level":"info","message":"Server online at http://localhost:3000","tag":"SERVER"}
{"level":"info","message":"Server online at http://localhost:3000","tag":"SERVER"}
{"level":"info","message":"Server online at http://localhost:3000","tag":"SERVER"}
{"level":"info","message":"Server online at http://localhost:3000","tag":"SERVER"}
{"level":"info","message":"Server online at http://localhost:3000","tag":"SERVER"}
{"level":"info","message":"Server online at http://localhost:3000","tag":"SERVER"}
{"level":"info","message":"Server online at http://localhost:3000","tag":"SERVER"}
{"level":"info","message":"Server online at http://localhost:3000","tag":"SERVER"}
{"level":"info","message":"Đánh giá đã được xóa thành công.","tag":"SYSTEM"}
{"level":"info","message":"Server online at http://localhost:3000","tag":"SERVER"}
{"level":"info","message":"Server online at http://localhost:3000","tag":"SERVER"}
{"level":"info","message":"Server online at http://localhost:3000","tag":"SERVER"}
{"level":"info","message":"Server online at http://localhost:3000","tag":"SERVER"}
{"level":"info","message":"Server online at http://localhost:3000","tag":"SERVER"}
{"level":"info","message":"Server online at http://localhost:3000","tag":"SERVER"}
{"level":"info","message":"Server online at http://localhost:3000","tag":"SERVER"}
{"level":"info","message":"Server online at http://localhost:3000","tag":"SERVER"}
{"level":"info","message":"Server online at http://localhost:3000","tag":"SERVER"}
{"level":"info","message":"Server online at http://localhost:3000","tag":"SERVER"}
{"level":"info","message":"Server online at http://localhost:3000","tag":"SERVER"}
{"level":"info","message":"Server online at http://localhost:3000","tag":"SERVER"}
{"level":"info","message":"Server online at http://localhost:3000","tag":"SERVER"}
{"level":"info","message":"Server online at http://localhost:3000","tag":"SERVER"}
{"level":"info","message":"Server online at http://localhost:3000","tag":"SERVER"}
{"level":"info","message":"Server online at http://localhost:3000","tag":"SERVER"}
{"level":"info","message":"Server online at http://localhost:3000","tag":"SERVER"}
{"level":"info","message":"Server online at http://localhost:3000","tag":"SERVER"}
{"level":"info","message":"Server online at http://localhost:3000","tag":"SERVER"}
{"level":"info","message":"Server online at http://localhost:3000","tag":"SERVER"}
{"level":"info","message":"Server online at http://localhost:3000","tag":"SERVER"}
{"level":"info","message":"Server online at http://localhost:3000","tag":"SERVER"}
{"level":"info","message":"Server online at http://localhost:3000","tag":"SERVER"}
{"level":"info","message":"Server online at http://localhost:3000","tag":"SERVER"}
{"level":"info","message":"Server online at http://localhost:3000","tag":"SERVER"}
{"level":"info","message":"Server online at http://localhost:3000","tag":"SERVER"}
{"level":"info","message":"Server online at http://localhost:3000","tag":"SERVER"}
{"level":"info","message":"Server online at http://localhost:3000","tag":"SERVER"}
{"level":"info","message":"Server online at http://localhost:3000","tag":"SERVER"}
{"level":"info","message":"Server online at http://localhost:3000","tag":"SERVER"}
{"level":"info","message":"Server online at http://localhost:3000","tag":"SERVER"}
{"level":"info","message":"Server online at http://localhost:3000","tag":"SERVER"}
{"level":"info","message":"Server online at http://localhost:3000","tag":"SERVER"}
{"level":"info","message":"Server online at http://localhost:3000","tag":"SERVER"}
{"level":"info","message":"Server online at http://localhost:3000","tag":"SERVER"}
{"level":"info","message":"Server online at http://localhost:3000","tag":"SERVER"}
{"level":"info","message":"Server online at http://localhost:3000","tag":"SERVER"}
{"level":"info","message":"Server online at http://localhost:3000","tag":"SERVER"}
{"level":"info","message":"Server online at http://localhost:3000","tag":"SERVER"}
{"level":"info","message":"Server online at http://localhost:3000","tag":"SERVER"}
{"level":"info","message":"Server online at http://localhost:3000","tag":"SERVER"}
{"level":"info","message":"Server online at http://localhost:3000","tag":"SERVER"}
{"level":"info","message":"Server online at http://localhost:3000","tag":"SERVER"}
{"level":"info","message":"Server online at http://localhost:3000","tag":"SERVER"}
{"level":"info","message":"Server online at http://localhost:3000","tag":"SERVER"}
{"level":"info","message":"Server online at http://localhost:3000","tag":"SERVER"}
{"level":"info","message":"Server online at http://localhost:3000","tag":"SERVER"}
{"level":"info","message":"Server online at http://localhost:3000","tag":"SERVER"}
{"level":"info","message":"Server online at http://localhost:3000","tag":"SERVER"}
{"level":"info","message":"Server online at http://localhost:3000","tag":"SERVER"}
{"level":"info","message":"Server online at http://localhost:3000","tag":"SERVER"}
{"level":"info","message":"Server online at http://localhost:3000","tag":"SERVER"}
{"level":"info","message":"Server online at http://localhost:3000","tag":"SERVER"}
{"level":"info","message":"Server online at http://localhost:3000","tag":"SERVER"}
{"level":"info","message":"Server online at http://localhost:3000","tag":"SERVER"}
{"level":"info","message":"Server online at http://localhost:3000","tag":"SERVER"}
{"level":"info","message":"Server online at http://localhost:3000","tag":"SERVER"}
{"level":"info","message":"Đơn hàng 11 được tạo thành công với mã ORD034.","tag":"SYSTEM"}
{"level":"info","message":"Order 11 đã được xóa thành công.","tag":"SYSTEM"}
{"level":"info","message":"Server online at http://localhost:3000","tag":"SERVER"}
